[06:13:47.537] [32mINFO[39m (3896): [36m2345[39m
{"level":30,"time":"2024-12-12T14:16:14.857Z","pid":14180,"hostname":"DESKTOP-6KJD4BK","msg":"2345"}
{"level":30,"time":"2024-12-12T14:49:41.021Z","pid":12420,"hostname":"DESKTOP-6KJD4BK","msg":"Server started on port 8080"}
{"level":30,"time":"2024-12-12T15:32:47.759Z","pid":17180,"hostname":"DESKTOP-6KJD4BK","msg":"Server started on port 8080"}
{"level":30,"time":"2024-12-12T16:02:54.081Z","pid":1304,"hostname":"DESKTOP-6KJD4BK","msg":"Server started on port 8080"}
{"level":30,"time":"2024-12-12T16:39:41.295Z","pid":4088,"hostname":"DESKTOP-6KJD4BK","msg":"Server started on port 8080"}
{"level":30,"time":"2024-12-12T16:41:22.302Z","pid":14180,"hostname":"DESKTOP-6KJD4BK","msg":"Server started on port 8080"}
{"level":30,"time":"2024-12-12T16:42:30.104Z","pid":17924,"hostname":"DESKTOP-6KJD4BK","msg":"Server started on port 2000"}
{"level":30,"time":"2024-12-12T16:45:10.419Z","pid":8660,"hostname":"DESKTOP-6KJD4BK","msg":"Server started on port 2000"}
{"level":30,"time":"2024-12-12T16:48:59.361Z","pid":17796,"hostname":"DESKTOP-6KJD4BK","msg":"Server started on port 2000"}
{"level":30,"time":"2024-12-12T16:51:23.333Z","pid":17228,"hostname":"DESKTOP-6KJD4BK","msg":"Server started on port 4000"}
{"level":30,"time":"2024-12-12T16:52:48.234Z","pid":16944,"hostname":"DESKTOP-6KJD4BK","msg":"Server started on port 4000"}
{"level":30,"time":"2024-12-12T16:54:58.899Z","pid":13724,"hostname":"DESKTOP-6KJD4BK","msg":"Server started on port 4000"}
{"level":30,"time":"2024-12-12T16:55:02.782Z","pid":13724,"hostname":"DESKTOP-6KJD4BK","msg":"New get request"}
{"level":30,"time":"2024-12-12T16:56:06.297Z","pid":4088,"hostname":"DESKTOP-6KJD4BK","msg":"Server started on port 4000"}
{"level":30,"time":"2024-12-12T16:56:12.753Z","pid":4088,"hostname":"DESKTOP-6KJD4BK","msg":"New get request"}
{"level":30,"time":"2024-12-12T16:57:38.558Z","pid":4088,"hostname":"DESKTOP-6KJD4BK","msg":"New get request"}
{"level":30,"time":"2024-12-12T16:58:16.122Z","pid":9096,"hostname":"DESKTOP-6KJD4BK","msg":"Server started on port 4000"}
{"level":30,"time":"2024-12-12T16:58:23.297Z","pid":9096,"hostname":"DESKTOP-6KJD4BK","msg":"New get request"}
{"level":30,"time":"2024-12-12T16:58:40.234Z","pid":17264,"hostname":"DESKTOP-6KJD4BK","msg":"Server started on port 4000"}
{"level":30,"time":"2024-12-12T16:58:47.059Z","pid":17264,"hostname":"DESKTOP-6KJD4BK","msg":"New get request: [object Object]"}
{"level":30,"time":"2024-12-12T16:59:14.162Z","pid":18116,"hostname":"DESKTOP-6KJD4BK","msg":"Server started on port 4000"}
{"level":30,"time":"2024-12-12T16:59:17.659Z","pid":18116,"hostname":"DESKTOP-6KJD4BK","msg":"New get request: undefined"}
{"level":30,"time":"2024-12-12T17:00:05.202Z","pid":11224,"hostname":"DESKTOP-6KJD4BK","msg":"Server started on port 4000"}
{"level":30,"time":"2024-12-12T17:00:06.464Z","pid":11224,"hostname":"DESKTOP-6KJD4BK","msg":"New get request: requestid,user-agent,accept,postman-token,host,accept-encoding,connection"}
{"level":30,"time":"2024-12-12T17:00:43.478Z","pid":12224,"hostname":"DESKTOP-6KJD4BK","msg":"Server started on port 4000"}
{"level":30,"time":"2024-12-12T17:01:22.641Z","pid":12224,"hostname":"DESKTOP-6KJD4BK","msg":"New get request"}
{"level":30,"time":"2024-12-12T17:01:37.020Z","pid":16956,"hostname":"DESKTOP-6KJD4BK","msg":"Server started on port 4000"}
{"level":30,"time":"2024-12-12T17:01:41.123Z","pid":16956,"hostname":"DESKTOP-6KJD4BK","msg":"New get request. RequestID = \"getNewID\""}
{"level":30,"time":"2024-12-12T17:04:35.739Z","pid":15560,"hostname":"DESKTOP-6KJD4BK","msg":"Server started on port 4000"}
{"level":30,"time":"2024-12-12T17:04:42.688Z","pid":15560,"hostname":"DESKTOP-6KJD4BK","msg":"New get request. RequestID = \"getNewID\""}
{"level":40,"time":"2024-12-12T17:04:42.688Z","pid":15560,"hostname":"DESKTOP-6KJD4BK","msg":"Request ID invalid: \"getNewID\""}
{"level":30,"time":"2024-12-12T17:04:59.534Z","pid":15560,"hostname":"DESKTOP-6KJD4BK","msg":"New get request. RequestID = getNewID"}
{"level":30,"time":"2024-12-12T17:06:23.818Z","pid":13584,"hostname":"DESKTOP-6KJD4BK","msg":"Server started on port 4000"}
{"level":30,"time":"2024-12-12T17:06:27.319Z","pid":13584,"hostname":"DESKTOP-6KJD4BK","msg":"New get request. RequestID = getNewID"}
{"level":30,"time":"2024-12-12T17:06:27.320Z","pid":13584,"hostname":"DESKTOP-6KJD4BK","msg":"Created new user with the id NaN"}
{"level":30,"time":"2024-12-12T17:07:36.834Z","pid":9808,"hostname":"DESKTOP-6KJD4BK","msg":"Server started on port 4000"}
{"level":30,"time":"2024-12-12T17:07:39.763Z","pid":9808,"hostname":"DESKTOP-6KJD4BK","msg":"New get request. RequestID = getNewID"}
{"level":30,"time":"2024-12-12T17:08:11.076Z","pid":13716,"hostname":"DESKTOP-6KJD4BK","msg":"Server started on port 4000"}
{"level":30,"time":"2024-12-12T17:08:15.281Z","pid":13716,"hostname":"DESKTOP-6KJD4BK","msg":"New get request. RequestID = getNewID"}
{"level":30,"time":"2024-12-12T17:09:00.227Z","pid":6628,"hostname":"DESKTOP-6KJD4BK","msg":"Server started on port 4000"}
{"level":30,"time":"2024-12-12T17:09:10.339Z","pid":6628,"hostname":"DESKTOP-6KJD4BK","msg":"New get request. RequestID = getNewID"}
{"level":30,"time":"2024-12-12T17:11:03.496Z","pid":6628,"hostname":"DESKTOP-6KJD4BK","msg":"New get request. RequestID = getNewID"}
{"level":30,"time":"2024-12-12T17:11:05.420Z","pid":6628,"hostname":"DESKTOP-6KJD4BK","msg":"New get request. RequestID = getNewID"}
{"level":30,"time":"2024-12-12T17:12:09.878Z","pid":12232,"hostname":"DESKTOP-6KJD4BK","msg":"Server started on port 4000"}
{"level":30,"time":"2024-12-12T17:12:13.175Z","pid":12232,"hostname":"DESKTOP-6KJD4BK","msg":"New get request. RequestID = getNewID"}
{"level":30,"time":"2024-12-12T17:12:14.956Z","pid":12232,"hostname":"DESKTOP-6KJD4BK","msg":"New get request. RequestID = getNewID"}
{"level":30,"time":"2024-12-12T17:12:40.518Z","pid":2740,"hostname":"DESKTOP-6KJD4BK","msg":"Server started on port 4000"}
{"level":30,"time":"2024-12-12T17:12:43.147Z","pid":2740,"hostname":"DESKTOP-6KJD4BK","msg":"New get request. RequestID = getNewID"}
{"level":30,"time":"2024-12-12T17:12:45.561Z","pid":2740,"hostname":"DESKTOP-6KJD4BK","msg":"New get request. RequestID = getNewID"}
{"level":30,"time":"2024-12-12T17:12:45.561Z","pid":2740,"hostname":"DESKTOP-6KJD4BK","msg":"Created new user with the id 11"}
{"level":30,"time":"2024-12-12T17:28:42.328Z","pid":9248,"hostname":"DESKTOP-6KJD4BK","msg":"Server started on port 4000"}
{"level":30,"time":"2024-12-12T17:30:24.637Z","pid":9248,"hostname":"DESKTOP-6KJD4BK","msg":"New get request. RequestID = getNewID"}
{"level":30,"time":"2024-12-12T17:30:37.725Z","pid":9248,"hostname":"DESKTOP-6KJD4BK","msg":"New get request. RequestID = getNewID"}
{"level":30,"time":"2024-12-12T17:38:33.351Z","pid":5320,"hostname":"DESKTOP-6KJD4BK","msg":"Server started on port 4000"}
{"level":30,"time":"2024-12-12T17:38:36.416Z","pid":5320,"hostname":"DESKTOP-6KJD4BK","msg":"New get request. RequestID = getNewID"}
{"level":30,"time":"2024-12-12T17:38:40.967Z","pid":5320,"hostname":"DESKTOP-6KJD4BK","msg":"New get request. RequestID = getNewID"}
{"level":30,"time":"2024-12-17T21:20:10.246Z","pid":6008,"hostname":"DESKTOP-6KJD4BK","msg":"Server started on port 4000"}
{"level":30,"time":"2024-12-17T21:21:30.552Z","pid":6008,"hostname":"DESKTOP-6KJD4BK","msg":"New get request. RequestID = getNewID"}
{"level":30,"time":"2024-12-17T21:21:30.553Z","pid":6008,"hostname":"DESKTOP-6KJD4BK","msg":"Created new user with the id 1"}
{"level":30,"time":"2024-12-17T21:21:37.572Z","pid":6008,"hostname":"DESKTOP-6KJD4BK","msg":"New get request. RequestID = getNewID"}
{"level":30,"time":"2024-12-17T21:22:16.051Z","pid":6008,"hostname":"DESKTOP-6KJD4BK","msg":"New get request. RequestID = getNewID"}
{"level":30,"time":"2024-12-17T21:22:22.161Z","pid":7984,"hostname":"DESKTOP-6KJD4BK","msg":"Server started on port 4000"}
{"level":30,"time":"2024-12-17T21:22:24.406Z","pid":7984,"hostname":"DESKTOP-6KJD4BK","msg":"New get request. RequestID = getNewID"}
{"level":30,"time":"2024-12-17T21:22:24.407Z","pid":7984,"hostname":"DESKTOP-6KJD4BK","msg":"Created new user with the id 1"}
{"level":30,"time":"2024-12-17T21:22:26.512Z","pid":7984,"hostname":"DESKTOP-6KJD4BK","msg":"New get request. RequestID = getNewID"}
{"level":30,"time":"2024-12-17T21:22:26.512Z","pid":7984,"hostname":"DESKTOP-6KJD4BK","msg":"Created new user with the id 2"}
{"level":30,"time":"2024-12-17T21:22:28.598Z","pid":7984,"hostname":"DESKTOP-6KJD4BK","msg":"New get request. RequestID = getNewID"}
{"level":30,"time":"2024-12-17T21:22:28.599Z","pid":7984,"hostname":"DESKTOP-6KJD4BK","msg":"Created new user with the id 3"}
